<?xml version="1.0" encoding="UTF-8"?>
<!-- Generated by org.testng.reporters.JUnitReportReporter -->
<testsuite hostname="Deepaks-MacBook-Air.local" failures="0" tests="5" name="ajaxloadertest.AjaxLoaderTest" time="104.117" errors="0" timestamp="2023-09-25T01:31:28 IST" skipped="0">
  <testcase classname="ajaxloadertest.AjaxLoaderTest" name="verifyAjaxLoader" time="21.675"/>
  <system-out>
    <![CDATA[VERIFY AJAX LOADER TEST STARTS
<a href='/Users/deepakraja/eclipse-workspace/Techademy-TestNG-Problem3/test-output/screenshots/20230925_013107.png'><img src='/Users/deepakraja/eclipse-workspace/Techademy-TestNG-Problem3/test-output/screenshots/20230925_013107.png' height='200' width='200'/> </a>]]>
  </system-out>
  <testcase classname="ajaxloadertest.AjaxLoaderTest" name="verifyAjaxLoader" time="19.347"/>
  <system-out>
    <![CDATA[VERIFY AJAX LOADER TEST STARTS
<a href='/Users/deepakraja/eclipse-workspace/Techademy-TestNG-Problem3/test-output/screenshots/20230925_013127.png'><img src='/Users/deepakraja/eclipse-workspace/Techademy-TestNG-Problem3/test-output/screenshots/20230925_013127.png' height='200' width='200'/> </a>]]>
  </system-out>
  <testcase classname="ajaxloadertest.AjaxLoaderTest" name="verifyAjaxLoader" time="23.370"/>
  <system-out>
    <![CDATA[VERIFY AJAX LOADER TEST STARTS
<a href='/Users/deepakraja/eclipse-workspace/Techademy-TestNG-Problem3/test-output/screenshots/20230925_013027.png'><img src='/Users/deepakraja/eclipse-workspace/Techademy-TestNG-Problem3/test-output/screenshots/20230925_013027.png' height='200' width='200'/> </a>]]>
  </system-out>
  <testcase classname="ajaxloadertest.AjaxLoaderTest" name="verifyAjaxLoader" time="18.895"/>
  <system-out>
    <![CDATA[VERIFY AJAX LOADER TEST STARTS
<a href='/Users/deepakraja/eclipse-workspace/Techademy-TestNG-Problem3/test-output/screenshots/20230925_013046.png'><img src='/Users/deepakraja/eclipse-workspace/Techademy-TestNG-Problem3/test-output/screenshots/20230925_013046.png' height='200' width='200'/> </a>]]>
  </system-out>
  <testcase classname="ajaxloadertest.AjaxLoaderTest" name="verifyAjaxLoader" time="20.830"/>
  <system-out>
    <![CDATA[VERIFY AJAX LOADER TEST STARTS
<a href='/Users/deepakraja/eclipse-workspace/Techademy-TestNG-Problem3/test-output/screenshots/20230925_013007.png'><img src='/Users/deepakraja/eclipse-workspace/Techademy-TestNG-Problem3/test-output/screenshots/20230925_013007.png' height='200' width='200'/> </a>]]>
  </system-out>
</testsuite> <!-- ajaxloadertest.AjaxLoaderTest -->
