<?xml version="1.0" encoding="UTF-8"?>
<!-- Generated by org.testng.reporters.JUnitReportReporter -->
<testsuite hostname="Deepaks-MacBook-Air.local" failures="0" tests="1" name="login.LoginClass" time="22.616" errors="0" timestamp="2023-09-25T00:28:17 IST" skipped="0">
  <testcase classname="login.LoginClass" name="verifyAjaxLoader" time="22.616"/>
  <system-out>
    <![CDATA[This is the screenshot
<a href='/Users/deepakraja/eclipse-workspace/Techademy-TestNG-Problem3/img20230925_002816.png'><img src='/Users/deepakraja/eclipse-workspace/Techademy-TestNG-Problem3/img20230925_002816.png' height='200' width='200'/> </a>]]>
  </system-out>
</testsuite> <!-- login.LoginClass -->
